<?xml version="1.0" encoding="UTF-8"?>
<!-- Generated by org.testng.reporters.JUnitReportReporter -->
<testsuite hostname="vinod" failures="0" tests="4" name="tests.VinodVerify$VinodSuite" time="0.013" errors="0" timestamp="2022-02-12T15:52:53 IST" skipped="0">
  <testcase classname="tests.VinodVerify$VinodSuite" name="testG" time="0.003"/>
  <system-out/>
  <testcase classname="tests.VinodVerify$VinodSuite" name="testE" time="0.003"/>
  <system-out/>
  <testcase classname="tests.VinodVerify$VinodSuite" name="testF" time="0.002"/>
  <system-out/>
  <testcase classname="tests.VinodVerify$VinodSuite" name="testH" time="0.005"/>
  <system-out/>
</testsuite> <!-- tests.VinodVerify$VinodSuite -->
