<?xml version="1.0" encoding="UTF-8"?>
<!-- Generated by org.testng.reporters.JUnitReportReporter -->
<testsuite hostname="vinod" failures="0" tests="2" name="tests.Verid" time="9.976" errors="0" timestamp="2022-02-09T00:23:54 IST" skipped="0">
  <testcase classname="tests.Verid" name="toVerifyTaskButton" time="6.729"/>
  <system-out/>
  <testcase classname="tests.Verid" name="verifyUserTab" time="3.247"/>
  <system-out/>
</testsuite> <!-- tests.Verid -->
