<?xml version="1.0" encoding="UTF-8"?>
<!-- Generated by org.testng.reporters.JUnitReportReporter -->
<testsuite hostname="vinod" failures="0" tests="4" name="tests.VinodSuite" time="0.020" errors="0" timestamp="2022-02-12T15:52:53 IST" skipped="0">
  <testcase classname="tests.VinodSuite" name="testA" time="0.009"/>
  <system-out/>
  <testcase classname="tests.VinodSuite" name="testD" time="0.004"/>
  <system-out/>
  <testcase classname="tests.VinodSuite" name="testB" time="0.004"/>
  <system-out/>
  <testcase classname="tests.VinodSuite" name="testC" time="0.003"/>
  <system-out/>
</testsuite> <!-- tests.VinodSuite -->
