<?xml version="1.0" encoding="UTF-8"?>
<!-- Generated by org.testng.reporters.JUnitReportReporter -->
<testsuite hostname="vinod" failures="0" tests="2" name="tests.VinodVerify" time="28.491" errors="0" timestamp="2022-02-11T11:40:20 IST" skipped="0">
  <testcase classname="tests.VinodVerify" name="verifyUserTab" time="12.556"/>
  <system-out/>
  <testcase classname="tests.VinodVerify" name="toVerifyTaskButton" time="15.935"/>
  <system-out/>
</testsuite> <!-- tests.VinodVerify -->
